{"/Users/juanespinosa/git/portafolio-api/src/config.ts": {"path":"/Users/juanespinosa/git/portafolio-api/src/config.ts","statementMap":{"0":{"start":{"line":1,"column":19},"end":{"line":1,"column":31}},"1":{"start":{"line":3,"column":9},"end":{"line":3,"column":19}}},"fnMap":{},"branchMap":{},"s":{"0":1,"1":1},"f":{},"b":{}}
,"/Users/juanespinosa/git/portafolio-api/src/controllers/auth.controller.ts": {"path":"/Users/juanespinosa/git/portafolio-api/src/controllers/auth.controller.ts","statementMap":{"0":{"start":{"line":1,"column":0},"end":{"line":1,"column":30}},"1":{"start":{"line":3,"column":0},"end":{"line":3,"column":38}},"2":{"start":{"line":4,"column":0},"end":{"line":4,"column":31}},"3":{"start":{"line":5,"column":0},"end":{"line":5,"column":39}},"4":{"start":{"line":10,"column":24},"end":{"line":10,"column":56}},"5":{"start":{"line":12,"column":11},"end":{"line":30,"column":null}},"6":{"start":{"line":12,"column":97},"end":{"line":30,"column":null}},"7":{"start":{"line":13,"column":8},"end":{"line":15,"column":null}},"8":{"start":{"line":14,"column":12},"end":{"line":14,"column":64}},"9":{"start":{"line":17,"column":8},"end":{"line":29,"column":null}},"10":{"start":{"line":18,"column":26},"end":{"line":18,"column":93}},"11":{"start":{"line":19,"column":12},"end":{"line":19,"column":null}},"12":{"start":{"line":19,"column":25},"end":{"line":19,"column":73}},"13":{"start":{"line":21,"column":36},"end":{"line":21,"column":88}},"14":{"start":{"line":22,"column":12},"end":{"line":22,"column":null}},"15":{"start":{"line":22,"column":36},"end":{"line":22,"column":82}},"16":{"start":{"line":24,"column":26},"end":{"line":24,"column":89}},"17":{"start":{"line":26,"column":12},"end":{"line":26,"column":43}},"18":{"start":{"line":28,"column":12},"end":{"line":28,"column":66}},"19":{"start":{"line":32,"column":11},"end":{"line":60,"column":null}},"20":{"start":{"line":32,"column":100},"end":{"line":60,"column":null}},"21":{"start":{"line":33,"column":8},"end":{"line":35,"column":null}},"22":{"start":{"line":34,"column":12},"end":{"line":34,"column":64}},"23":{"start":{"line":37,"column":8},"end":{"line":43,"column":null}},"24":{"start":{"line":38,"column":12},"end":{"line":40,"column":null}},"25":{"start":{"line":39,"column":16},"end":{"line":39,"column":69}},"26":{"start":{"line":42,"column":12},"end":{"line":42,"column":66}},"27":{"start":{"line":45,"column":31},"end":{"line":45,"column":65}},"28":{"start":{"line":47,"column":8},"end":{"line":59,"column":null}},"29":{"start":{"line":48,"column":28},"end":{"line":52,"column":null}},"30":{"start":{"line":54,"column":12},"end":{"line":54,"column":51}},"31":{"start":{"line":55,"column":26},"end":{"line":55,"column":86}},"32":{"start":{"line":56,"column":12},"end":{"line":56,"column":43}},"33":{"start":{"line":58,"column":12},"end":{"line":58,"column":49}},"34":{"start":{"line":62,"column":12},"end":{"line":67,"column":null}},"35":{"start":{"line":63,"column":8},"end":{"line":66,"column":11}},"36":{"start":{"line":70,"column":0},"end":{"line":70,"column":30}}},"fnMap":{"0":{"name":"(anonymous_7)","decl":{"start":{"line":10,"column":4},"end":{"line":10,"column":24}},"loc":{"start":{"line":10,"column":56},"end":{"line":10,"column":60}}},"1":{"name":"(anonymous_8)","decl":{"start":{"line":12,"column":39},"end":{"line":12,"column":46}},"loc":{"start":{"line":12,"column":97},"end":{"line":30,"column":null}}},"2":{"name":"(anonymous_9)","decl":{"start":{"line":12,"column":97},"end":{"line":12,"column":null}},"loc":{"start":{"line":12,"column":97},"end":{"line":30,"column":5}}},"3":{"name":"(anonymous_10)","decl":{"start":{"line":32,"column":42},"end":{"line":32,"column":49}},"loc":{"start":{"line":32,"column":100},"end":{"line":60,"column":null}}},"4":{"name":"(anonymous_11)","decl":{"start":{"line":32,"column":100},"end":{"line":32,"column":null}},"loc":{"start":{"line":32,"column":100},"end":{"line":60,"column":5}}},"5":{"name":"(anonymous_12)","decl":{"start":{"line":62,"column":25},"end":{"line":62,"column":26}},"loc":{"start":{"line":62,"column":61},"end":{"line":67,"column":5}}}},"branchMap":{"0":{"loc":{"start":{"line":13,"column":8},"end":{"line":15,"column":null}},"type":"if","locations":[{"start":{"line":13,"column":8},"end":{"line":15,"column":null}},{"start":{"line":13,"column":8},"end":{"line":15,"column":null}}]},"1":{"loc":{"start":{"line":13,"column":12},"end":{"line":13,"column":30}},"type":"binary-expr","locations":[{"start":{"line":13,"column":12},"end":{"line":13,"column":30}},{"start":{"line":13,"column":34},"end":{"line":13,"column":52}}]},"2":{"loc":{"start":{"line":19,"column":12},"end":{"line":19,"column":null}},"type":"if","locations":[{"start":{"line":19,"column":12},"end":{"line":19,"column":null}},{"start":{"line":19,"column":12},"end":{"line":19,"column":null}}]},"3":{"loc":{"start":{"line":22,"column":12},"end":{"line":22,"column":null}},"type":"if","locations":[{"start":{"line":22,"column":12},"end":{"line":22,"column":null}},{"start":{"line":22,"column":12},"end":{"line":22,"column":null}}]},"4":{"loc":{"start":{"line":33,"column":8},"end":{"line":35,"column":null}},"type":"if","locations":[{"start":{"line":33,"column":8},"end":{"line":35,"column":null}},{"start":{"line":33,"column":8},"end":{"line":35,"column":null}}]},"5":{"loc":{"start":{"line":33,"column":12},"end":{"line":33,"column":30}},"type":"binary-expr","locations":[{"start":{"line":33,"column":12},"end":{"line":33,"column":30}},{"start":{"line":33,"column":34},"end":{"line":33,"column":52}}]},"6":{"loc":{"start":{"line":38,"column":12},"end":{"line":40,"column":null}},"type":"if","locations":[{"start":{"line":38,"column":12},"end":{"line":40,"column":null}},{"start":{"line":38,"column":12},"end":{"line":40,"column":null}}]}},"s":{"0":1,"1":1,"2":1,"3":1,"4":1,"5":1,"6":2,"7":2,"8":0,"9":2,"10":2,"11":2,"12":1,"13":1,"14":1,"15":0,"16":1,"17":1,"18":0,"19":1,"20":0,"21":0,"22":0,"23":0,"24":0,"25":0,"26":0,"27":0,"28":0,"29":0,"30":0,"31":0,"32":0,"33":0,"34":1,"35":0,"36":1},"f":{"0":1,"1":2,"2":2,"3":0,"4":0,"5":0},"b":{"0":[0,2],"1":[2,2],"2":[1,1],"3":[0,1],"4":[0,0],"5":[0,0],"6":[0,0]}}
,"/Users/juanespinosa/git/portafolio-api/src/models/user/index.ts": {"path":"/Users/juanespinosa/git/portafolio-api/src/models/user/index.ts","statementMap":{"0":{"start":{"line":1,"column":0},"end":{"line":1,"column":16}},"1":{"start":{"line":3,"column":16},"end":{"line":1,"column":38}}},"fnMap":{},"branchMap":{},"s":{"0":1,"1":1},"f":{},"b":{}}
,"/Users/juanespinosa/git/portafolio-api/src/models/user/model.ts": {"path":"/Users/juanespinosa/git/portafolio-api/src/models/user/model.ts","statementMap":{"0":{"start":{"line":1,"column":0},"end":{"line":1,"column":43}},"1":{"start":{"line":3,"column":0},"end":{"line":3,"column":34}},"2":{"start":{"line":13,"column":13},"end":{"line":13,"column":41}},"3":{"start":{"line":15,"column":9},"end":{"line":15,"column":13}}},"fnMap":{},"branchMap":{},"s":{"0":1,"1":1,"2":1,"3":1},"f":{},"b":{}}
,"/Users/juanespinosa/git/portafolio-api/src/models/user/schema.ts": {"path":"/Users/juanespinosa/git/portafolio-api/src/models/user/schema.ts","statementMap":{"0":{"start":{"line":1,"column":0},"end":{"line":1,"column":32}},"1":{"start":{"line":2,"column":15},"end":{"line":2,"column":30}},"2":{"start":{"line":3,"column":17},"end":{"line":3,"column":38}},"3":{"start":{"line":5,"column":15},"end":{"line":23,"column":18}},"4":{"start":{"line":25,"column":9},"end":{"line":25,"column":15}}},"fnMap":{},"branchMap":{},"s":{"0":1,"1":1,"2":1,"3":1,"4":1},"f":{},"b":{}}
,"/Users/juanespinosa/git/portafolio-api/src/services/user.service.ts": {"path":"/Users/juanespinosa/git/portafolio-api/src/services/user.service.ts","statementMap":{"0":{"start":{"line":2,"column":0},"end":{"line":2,"column":45}},"1":{"start":{"line":3,"column":0},"end":{"line":3,"column":33}},"2":{"start":{"line":7,"column":8},"end":{"line":7,"column":46}},"3":{"start":{"line":9,"column":8},"end":{"line":9,"column":40}},"4":{"start":{"line":13,"column":8},"end":{"line":13,"column":43}},"5":{"start":{"line":17,"column":8},"end":{"line":19,"column":25}},"6":{"start":{"line":23,"column":8},"end":{"line":23,"column":34}},"7":{"start":{"line":27,"column":7},"end":{"line":27,"column":40}},"8":{"start":{"line":31,"column":24},"end":{"line":37,"column":4}},"9":{"start":{"line":39,"column":2},"end":{"line":39,"column":24}},"10":{"start":{"line":43,"column":42},"end":{"line":43,"column":48}},"11":{"start":{"line":43,"column":21},"end":{"line":43,"column":42}},"12":{"start":{"line":45,"column":8},"end":{"line":49,"column":11}},"13":{"start":{"line":53,"column":8},"end":{"line":53,"column":49}},"14":{"start":{"line":57,"column":0},"end":{"line":57,"column":33}}},"fnMap":{"0":{"name":"(anonymous_1)","decl":{"start":{"line":6,"column":11},"end":{"line":6,"column":14}},"loc":{"start":{"line":6,"column":25},"end":{"line":10,"column":5}}},"1":{"name":"(anonymous_2)","decl":{"start":{"line":12,"column":11},"end":{"line":12,"column":22}},"loc":{"start":{"line":12,"column":37},"end":{"line":14,"column":5}}},"2":{"name":"(anonymous_3)","decl":{"start":{"line":16,"column":11},"end":{"line":16,"column":28}},"loc":{"start":{"line":16,"column":50},"end":{"line":20,"column":5}}},"3":{"name":"(anonymous_4)","decl":{"start":{"line":22,"column":11},"end":{"line":22,"column":17}},"loc":{"start":{"line":22,"column":17},"end":{"line":24,"column":5}}},"4":{"name":"(anonymous_5)","decl":{"start":{"line":26,"column":11},"end":{"line":26,"column":25}},"loc":{"start":{"line":26,"column":40},"end":{"line":28,"column":5}}},"5":{"name":"(anonymous_6)","decl":{"start":{"line":30,"column":11},"end":{"line":30,"column":17}},"loc":{"start":{"line":30,"column":31},"end":{"line":40,"column":5}}},"6":{"name":"(anonymous_7)","decl":{"start":{"line":42,"column":11},"end":{"line":42,"column":17}},"loc":{"start":{"line":42,"column":31},"end":{"line":50,"column":5}}},"7":{"name":"(anonymous_8)","decl":{"start":{"line":52,"column":11},"end":{"line":52,"column":17}},"loc":{"start":{"line":52,"column":28},"end":{"line":54,"column":5}}}},"branchMap":{},"s":{"0":1,"1":1,"2":0,"3":0,"4":0,"5":0,"6":0,"7":0,"8":0,"9":0,"10":0,"11":0,"12":0,"13":0,"14":1},"f":{"0":0,"1":0,"2":0,"3":0,"4":0,"5":0,"6":0,"7":0},"b":{}}
}
