{"/Users/juanespinosa/git/portafolio-api/src/config.ts": {"path":"/Users/juanespinosa/git/portafolio-api/src/config.ts","statementMap":{"0":{"start":{"line":1,"column":19},"end":{"line":1,"column":31}},"1":{"start":{"line":3,"column":9},"end":{"line":3,"column":19}}},"fnMap":{},"branchMap":{},"s":{"0":1,"1":1},"f":{},"b":{}}
,"/Users/juanespinosa/git/portafolio-api/src/controllers/auth.controller.ts": {"path":"/Users/juanespinosa/git/portafolio-api/src/controllers/auth.controller.ts","statementMap":{"0":{"start":{"line":1,"column":0},"end":{"line":1,"column":30}},"1":{"start":{"line":3,"column":0},"end":{"line":3,"column":38}},"2":{"start":{"line":4,"column":0},"end":{"line":4,"column":31}},"3":{"start":{"line":5,"column":0},"end":{"line":5,"column":39}},"4":{"start":{"line":10,"column":24},"end":{"line":10,"column":56}},"5":{"start":{"line":12,"column":11},"end":{"line":30,"column":null}},"6":{"start":{"line":12,"column":97},"end":{"line":30,"column":null}},"7":{"start":{"line":13,"column":8},"end":{"line":15,"column":null}},"8":{"start":{"line":14,"column":12},"end":{"line":14,"column":64}},"9":{"start":{"line":17,"column":8},"end":{"line":29,"column":null}},"10":{"start":{"line":18,"column":26},"end":{"line":18,"column":93}},"11":{"start":{"line":19,"column":12},"end":{"line":19,"column":null}},"12":{"start":{"line":19,"column":25},"end":{"line":19,"column":73}},"13":{"start":{"line":21,"column":36},"end":{"line":21,"column":88}},"14":{"start":{"line":22,"column":12},"end":{"line":22,"column":null}},"15":{"start":{"line":22,"column":36},"end":{"line":22,"column":82}},"16":{"start":{"line":24,"column":26},"end":{"line":24,"column":89}},"17":{"start":{"line":26,"column":12},"end":{"line":26,"column":43}},"18":{"start":{"line":28,"column":12},"end":{"line":28,"column":66}},"19":{"start":{"line":32,"column":11},"end":{"line":60,"column":null}},"20":{"start":{"line":32,"column":100},"end":{"line":60,"column":null}},"21":{"start":{"line":33,"column":8},"end":{"line":35,"column":null}},"22":{"start":{"line":34,"column":12},"end":{"line":34,"column":64}},"23":{"start":{"line":37,"column":8},"end":{"line":43,"column":null}},"24":{"start":{"line":38,"column":12},"end":{"line":40,"column":null}},"25":{"start":{"line":39,"column":16},"end":{"line":39,"column":69}},"26":{"start":{"line":42,"column":12},"end":{"line":42,"column":66}},"27":{"start":{"line":45,"column":31},"end":{"line":45,"column":65}},"28":{"start":{"line":47,"column":8},"end":{"line":59,"column":null}},"29":{"start":{"line":48,"column":28},"end":{"line":52,"column":null}},"30":{"start":{"line":54,"column":12},"end":{"line":54,"column":51}},"31":{"start":{"line":55,"column":26},"end":{"line":55,"column":86}},"32":{"start":{"line":56,"column":12},"end":{"line":56,"column":43}},"33":{"start":{"line":58,"column":12},"end":{"line":58,"column":49}},"34":{"start":{"line":62,"column":12},"end":{"line":67,"column":null}},"35":{"start":{"line":63,"column":8},"end":{"line":66,"column":11}},"36":{"start":{"line":70,"column":0},"end":{"line":70,"column":30}}},"fnMap":{"0":{"name":"(anonymous_7)","decl":{"start":{"line":10,"column":4},"end":{"line":10,"column":24}},"loc":{"start":{"line":10,"column":56},"end":{"line":10,"column":60}}},"1":{"name":"(anonymous_8)","decl":{"start":{"line":12,"column":39},"end":{"line":12,"column":46}},"loc":{"start":{"line":12,"column":97},"end":{"line":30,"column":null}}},"2":{"name":"(anonymous_9)","decl":{"start":{"line":12,"column":97},"end":{"line":12,"column":null}},"loc":{"start":{"line":12,"column":97},"end":{"line":30,"column":5}}},"3":{"name":"(anonymous_10)","decl":{"start":{"line":32,"column":42},"end":{"line":32,"column":49}},"loc":{"start":{"line":32,"column":100},"end":{"line":60,"column":null}}},"4":{"name":"(anonymous_11)","decl":{"start":{"line":32,"column":100},"end":{"line":32,"column":null}},"loc":{"start":{"line":32,"column":100},"end":{"line":60,"column":5}}},"5":{"name":"(anonymous_12)","decl":{"start":{"line":62,"column":25},"end":{"line":62,"column":26}},"loc":{"start":{"line":62,"column":61},"end":{"line":67,"column":5}}}},"branchMap":{"0":{"loc":{"start":{"line":13,"column":8},"end":{"line":15,"column":null}},"type":"if","locations":[{"start":{"line":13,"column":8},"end":{"line":15,"column":null}},{"start":{"line":13,"column":8},"end":{"line":15,"column":null}}]},"1":{"loc":{"start":{"line":13,"column":12},"end":{"line":13,"column":30}},"type":"binary-expr","locations":[{"start":{"line":13,"column":12},"end":{"line":13,"column":30}},{"start":{"line":13,"column":34},"end":{"line":13,"column":52}}]},"2":{"loc":{"start":{"line":19,"column":12},"end":{"line":19,"column":null}},"type":"if","locations":[{"start":{"line":19,"column":12},"end":{"line":19,"column":null}},{"start":{"line":19,"column":12},"end":{"line":19,"column":null}}]},"3":{"loc":{"start":{"line":22,"column":12},"end":{"line":22,"column":null}},"type":"if","locations":[{"start":{"line":22,"column":12},"end":{"line":22,"column":null}},{"start":{"line":22,"column":12},"end":{"line":22,"column":null}}]},"4":{"loc":{"start":{"line":33,"column":8},"end":{"line":35,"column":null}},"type":"if","locations":[{"start":{"line":33,"column":8},"end":{"line":35,"column":null}},{"start":{"line":33,"column":8},"end":{"line":35,"column":null}}]},"5":{"loc":{"start":{"line":33,"column":12},"end":{"line":33,"column":30}},"type":"binary-expr","locations":[{"start":{"line":33,"column":12},"end":{"line":33,"column":30}},{"start":{"line":33,"column":34},"end":{"line":33,"column":52}}]},"6":{"loc":{"start":{"line":38,"column":12},"end":{"line":40,"column":null}},"type":"if","locations":[{"start":{"line":38,"column":12},"end":{"line":40,"column":null}},{"start":{"line":38,"column":12},"end":{"line":40,"column":null}}]}},"s":{"0":1,"1":1,"2":1,"3":1,"4":1,"5":1,"6":3,"7":3,"8":0,"9":3,"10":3,"11":3,"12":1,"13":2,"14":2,"15":1,"16":1,"17":1,"18":0,"19":1,"20":4,"21":4,"22":2,"23":2,"24":2,"25":1,"26":0,"27":1,"28":1,"29":1,"30":1,"31":1,"32":1,"33":0,"34":1,"35":2,"36":1},"f":{"0":1,"1":3,"2":3,"3":4,"4":4,"5":2},"b":{"0":[0,3],"1":[3,3],"2":[1,2],"3":[1,1],"4":[2,2],"5":[4,3],"6":[1,1]}}
,"/Users/juanespinosa/git/portafolio-api/src/controllers/users.controller.ts": {"path":"/Users/juanespinosa/git/portafolio-api/src/controllers/users.controller.ts","statementMap":{"0":{"start":{"line":6,"column":0},"end":{"line":6,"column":38}},"1":{"start":{"line":11,"column":24},"end":{"line":11,"column":56}},"2":{"start":{"line":13,"column":11},"end":{"line":25,"column":null}},"3":{"start":{"line":13,"column":96},"end":{"line":25,"column":null}},"4":{"start":{"line":14,"column":8},"end":{"line":24,"column":null}},"5":{"start":{"line":15,"column":24},"end":{"line":15,"column":55}},"6":{"start":{"line":17,"column":29},"end":{"line":19,"column":14}},"7":{"start":{"line":18,"column":16},"end":{"line":18,"column":47}},"8":{"start":{"line":21,"column":12},"end":{"line":21,"column":31}},"9":{"start":{"line":23,"column":12},"end":{"line":23,"column":66}},"10":{"start":{"line":28,"column":11},"end":{"line":37,"column":null}},"11":{"start":{"line":28,"column":99},"end":{"line":37,"column":null}},"12":{"start":{"line":29,"column":8},"end":{"line":29,"column":null}},"13":{"start":{"line":29,"column":44},"end":{"line":29,"column":92}},"14":{"start":{"line":31,"column":8},"end":{"line":36,"column":null}},"15":{"start":{"line":32,"column":25},"end":{"line":32,"column":66}},"16":{"start":{"line":33,"column":12},"end":{"line":33,"column":47}},"17":{"start":{"line":35,"column":12},"end":{"line":35,"column":66}},"18":{"start":{"line":40,"column":11},"end":{"line":47,"column":null}},"19":{"start":{"line":40,"column":98},"end":{"line":47,"column":null}},"20":{"start":{"line":41,"column":8},"end":{"line":46,"column":null}},"21":{"start":{"line":42,"column":25},"end":{"line":42,"column":69}},"22":{"start":{"line":43,"column":12},"end":{"line":43,"column":47}},"23":{"start":{"line":45,"column":12},"end":{"line":45,"column":66}},"24":{"start":{"line":49,"column":12},"end":{"line":53,"column":null}},"25":{"start":{"line":50,"column":36},"end":{"line":50,"column":68}},"26":{"start":{"line":51,"column":8},"end":{"line":51,"column":null}},"27":{"start":{"line":52,"column":8},"end":{"line":52,"column":35}},"28":{"start":{"line":56,"column":0},"end":{"line":56,"column":null}}},"fnMap":{"0":{"name":"(anonymous_7)","decl":{"start":{"line":11,"column":4},"end":{"line":11,"column":24}},"loc":{"start":{"line":11,"column":56},"end":{"line":11,"column":60}}},"1":{"name":"(anonymous_8)","decl":{"start":{"line":13,"column":38},"end":{"line":13,"column":45}},"loc":{"start":{"line":13,"column":96},"end":{"line":25,"column":null}}},"2":{"name":"(anonymous_9)","decl":{"start":{"line":13,"column":96},"end":{"line":13,"column":null}},"loc":{"start":{"line":13,"column":96},"end":{"line":25,"column":5}}},"3":{"name":"(anonymous_10)","decl":{"start":{"line":17,"column":39},"end":{"line":17,"column":40}},"loc":{"start":{"line":17,"column":55},"end":{"line":19,"column":13}}},"4":{"name":"(anonymous_11)","decl":{"start":{"line":28,"column":41},"end":{"line":28,"column":48}},"loc":{"start":{"line":28,"column":99},"end":{"line":37,"column":null}}},"5":{"name":"(anonymous_12)","decl":{"start":{"line":28,"column":99},"end":{"line":28,"column":null}},"loc":{"start":{"line":28,"column":99},"end":{"line":37,"column":5}}},"6":{"name":"(anonymous_13)","decl":{"start":{"line":40,"column":40},"end":{"line":40,"column":47}},"loc":{"start":{"line":40,"column":98},"end":{"line":47,"column":null}}},"7":{"name":"(anonymous_14)","decl":{"start":{"line":40,"column":98},"end":{"line":40,"column":null}},"loc":{"start":{"line":40,"column":98},"end":{"line":47,"column":5}}},"8":{"name":"(anonymous_15)","decl":{"start":{"line":49,"column":27},"end":{"line":49,"column":28}},"loc":{"start":{"line":49,"column":43},"end":{"line":53,"column":5}}}},"branchMap":{"0":{"loc":{"start":{"line":29,"column":8},"end":{"line":29,"column":null}},"type":"if","locations":[{"start":{"line":29,"column":8},"end":{"line":29,"column":null}},{"start":{"line":29,"column":8},"end":{"line":29,"column":null}}]}},"s":{"0":1,"1":1,"2":1,"3":1,"4":1,"5":1,"6":1,"7":2,"8":1,"9":0,"10":1,"11":2,"12":2,"13":1,"14":1,"15":1,"16":1,"17":0,"18":1,"19":0,"20":0,"21":0,"22":0,"23":0,"24":1,"25":3,"26":3,"27":3,"28":1},"f":{"0":1,"1":1,"2":1,"3":2,"4":2,"5":2,"6":0,"7":0,"8":3},"b":{"0":[1,1]}}
,"/Users/juanespinosa/git/portafolio-api/src/models/user/index.ts": {"path":"/Users/juanespinosa/git/portafolio-api/src/models/user/index.ts","statementMap":{"0":{"start":{"line":1,"column":0},"end":{"line":1,"column":16}},"1":{"start":{"line":3,"column":16},"end":{"line":1,"column":38}}},"fnMap":{},"branchMap":{},"s":{"0":2,"1":2},"f":{},"b":{}}
,"/Users/juanespinosa/git/portafolio-api/src/models/user/model.ts": {"path":"/Users/juanespinosa/git/portafolio-api/src/models/user/model.ts","statementMap":{"0":{"start":{"line":1,"column":0},"end":{"line":1,"column":43}},"1":{"start":{"line":3,"column":0},"end":{"line":3,"column":34}},"2":{"start":{"line":13,"column":13},"end":{"line":13,"column":41}},"3":{"start":{"line":15,"column":9},"end":{"line":15,"column":13}}},"fnMap":{},"branchMap":{},"s":{"0":2,"1":2,"2":2,"3":2},"f":{},"b":{}}
,"/Users/juanespinosa/git/portafolio-api/src/models/user/schema.ts": {"path":"/Users/juanespinosa/git/portafolio-api/src/models/user/schema.ts","statementMap":{"0":{"start":{"line":1,"column":0},"end":{"line":1,"column":32}},"1":{"start":{"line":2,"column":15},"end":{"line":2,"column":30}},"2":{"start":{"line":3,"column":17},"end":{"line":3,"column":38}},"3":{"start":{"line":5,"column":15},"end":{"line":23,"column":18}},"4":{"start":{"line":25,"column":9},"end":{"line":25,"column":15}}},"fnMap":{},"branchMap":{},"s":{"0":2,"1":2,"2":2,"3":2,"4":2},"f":{},"b":{}}
,"/Users/juanespinosa/git/portafolio-api/src/services/user.service.ts": {"path":"/Users/juanespinosa/git/portafolio-api/src/services/user.service.ts","statementMap":{"0":{"start":{"line":2,"column":0},"end":{"line":2,"column":45}},"1":{"start":{"line":3,"column":0},"end":{"line":3,"column":33}},"2":{"start":{"line":7,"column":8},"end":{"line":7,"column":40}},"3":{"start":{"line":11,"column":8},"end":{"line":11,"column":43}},"4":{"start":{"line":15,"column":8},"end":{"line":17,"column":25}},"5":{"start":{"line":21,"column":8},"end":{"line":21,"column":34}},"6":{"start":{"line":25,"column":7},"end":{"line":25,"column":40}},"7":{"start":{"line":29,"column":24},"end":{"line":35,"column":4}},"8":{"start":{"line":37,"column":2},"end":{"line":37,"column":24}},"9":{"start":{"line":41,"column":42},"end":{"line":41,"column":48}},"10":{"start":{"line":41,"column":21},"end":{"line":41,"column":42}},"11":{"start":{"line":43,"column":8},"end":{"line":47,"column":11}},"12":{"start":{"line":51,"column":8},"end":{"line":51,"column":49}},"13":{"start":{"line":55,"column":0},"end":{"line":55,"column":33}}},"fnMap":{"0":{"name":"(anonymous_1)","decl":{"start":{"line":6,"column":11},"end":{"line":6,"column":14}},"loc":{"start":{"line":6,"column":25},"end":{"line":8,"column":5}}},"1":{"name":"(anonymous_2)","decl":{"start":{"line":10,"column":11},"end":{"line":10,"column":22}},"loc":{"start":{"line":10,"column":37},"end":{"line":12,"column":5}}},"2":{"name":"(anonymous_3)","decl":{"start":{"line":14,"column":11},"end":{"line":14,"column":28}},"loc":{"start":{"line":14,"column":50},"end":{"line":18,"column":5}}},"3":{"name":"(anonymous_4)","decl":{"start":{"line":20,"column":11},"end":{"line":20,"column":17}},"loc":{"start":{"line":20,"column":17},"end":{"line":22,"column":5}}},"4":{"name":"(anonymous_5)","decl":{"start":{"line":24,"column":11},"end":{"line":24,"column":25}},"loc":{"start":{"line":24,"column":40},"end":{"line":26,"column":5}}},"5":{"name":"(anonymous_6)","decl":{"start":{"line":28,"column":11},"end":{"line":28,"column":17}},"loc":{"start":{"line":28,"column":31},"end":{"line":38,"column":5}}},"6":{"name":"(anonymous_7)","decl":{"start":{"line":40,"column":11},"end":{"line":40,"column":17}},"loc":{"start":{"line":40,"column":31},"end":{"line":48,"column":5}}},"7":{"name":"(anonymous_8)","decl":{"start":{"line":50,"column":11},"end":{"line":50,"column":17}},"loc":{"start":{"line":50,"column":28},"end":{"line":52,"column":5}}}},"branchMap":{},"s":{"0":2,"1":2,"2":0,"3":0,"4":0,"5":0,"6":0,"7":0,"8":0,"9":0,"10":0,"11":0,"12":0,"13":2},"f":{"0":0,"1":0,"2":0,"3":0,"4":0,"5":0,"6":0,"7":0},"b":{}}
}
