TN:
SF:/Users/juanespinosa/git/portafolio-api/src/config.ts
FNF:0
FNH:0
DA:1,1
DA:3,1
LF:2
LH:2
BRF:0
BRH:0
end_of_record
TN:
SF:/Users/juanespinosa/git/portafolio-api/src/controllers/auth.controller.ts
FN:10,(anonymous_7)
FN:12,(anonymous_8)
FN:12,(anonymous_9)
FN:32,(anonymous_10)
FN:32,(anonymous_11)
FN:62,(anonymous_12)
FNF:6
FNH:6
FNDA:1,(anonymous_7)
FNDA:3,(anonymous_8)
FNDA:3,(anonymous_9)
FNDA:4,(anonymous_10)
FNDA:4,(anonymous_11)
FNDA:2,(anonymous_12)
DA:1,1
DA:3,1
DA:4,1
DA:5,1
DA:10,1
DA:12,3
DA:13,3
DA:14,0
DA:17,3
DA:18,3
DA:19,3
DA:21,2
DA:22,2
DA:24,1
DA:26,1
DA:28,0
DA:32,4
DA:33,4
DA:34,2
DA:37,2
DA:38,2
DA:39,1
DA:42,0
DA:45,1
DA:47,1
DA:48,1
DA:54,1
DA:55,1
DA:56,1
DA:58,0
DA:62,1
DA:63,2
DA:70,1
LF:33
LH:29
BRDA:13,0,0,0
BRDA:13,0,1,3
BRDA:13,1,0,3
BRDA:13,1,1,3
BRDA:19,2,0,1
BRDA:19,2,1,2
BRDA:22,3,0,1
BRDA:22,3,1,1
BRDA:33,4,0,2
BRDA:33,4,1,2
BRDA:33,5,0,4
BRDA:33,5,1,3
BRDA:38,6,0,1
BRDA:38,6,1,1
BRF:14
BRH:13
end_of_record
TN:
SF:/Users/juanespinosa/git/portafolio-api/src/controllers/users.controller.ts
FN:11,(anonymous_7)
FN:13,(anonymous_8)
FN:13,(anonymous_9)
FN:17,(anonymous_10)
FN:28,(anonymous_11)
FN:28,(anonymous_12)
FN:40,(anonymous_13)
FN:40,(anonymous_14)
FN:49,(anonymous_15)
FNF:9
FNH:7
FNDA:1,(anonymous_7)
FNDA:1,(anonymous_8)
FNDA:1,(anonymous_9)
FNDA:2,(anonymous_10)
FNDA:2,(anonymous_11)
FNDA:2,(anonymous_12)
FNDA:0,(anonymous_13)
FNDA:0,(anonymous_14)
FNDA:3,(anonymous_15)
DA:6,1
DA:11,1
DA:13,1
DA:14,1
DA:15,1
DA:17,1
DA:18,2
DA:21,1
DA:23,0
DA:28,2
DA:29,2
DA:31,1
DA:32,1
DA:33,1
DA:35,0
DA:40,1
DA:41,0
DA:42,0
DA:43,0
DA:45,0
DA:49,1
DA:50,3
DA:51,3
DA:52,3
DA:56,1
LF:25
LH:19
BRDA:29,0,0,1
BRDA:29,0,1,1
BRF:2
BRH:2
end_of_record
TN:
SF:/Users/juanespinosa/git/portafolio-api/src/models/user/index.ts
FNF:0
FNH:0
DA:1,2
DA:3,2
LF:2
LH:2
BRF:0
BRH:0
end_of_record
TN:
SF:/Users/juanespinosa/git/portafolio-api/src/models/user/model.ts
FNF:0
FNH:0
DA:1,2
DA:3,2
DA:13,2
DA:15,2
LF:4
LH:4
BRF:0
BRH:0
end_of_record
TN:
SF:/Users/juanespinosa/git/portafolio-api/src/models/user/schema.ts
FNF:0
FNH:0
DA:1,2
DA:2,2
DA:3,2
DA:5,2
DA:25,2
LF:5
LH:5
BRF:0
BRH:0
end_of_record
TN:
SF:/Users/juanespinosa/git/portafolio-api/src/services/user.service.ts
FN:6,(anonymous_1)
FN:10,(anonymous_2)
FN:14,(anonymous_3)
FN:20,(anonymous_4)
FN:24,(anonymous_5)
FN:28,(anonymous_6)
FN:40,(anonymous_7)
FN:50,(anonymous_8)
FNF:8
FNH:0
FNDA:0,(anonymous_1)
FNDA:0,(anonymous_2)
FNDA:0,(anonymous_3)
FNDA:0,(anonymous_4)
FNDA:0,(anonymous_5)
FNDA:0,(anonymous_6)
FNDA:0,(anonymous_7)
FNDA:0,(anonymous_8)
DA:2,2
DA:3,2
DA:7,0
DA:11,0
DA:15,0
DA:21,0
DA:25,0
DA:29,0
DA:37,0
DA:41,0
DA:43,0
DA:51,0
DA:55,2
LF:13
LH:3
BRF:0
BRH:0
end_of_record
