TN:
SF:/Users/juanespinosa/git/portafolio-api/src/config.ts
FNF:0
FNH:0
DA:1,1
DA:3,1
LF:2
LH:2
BRF:0
BRH:0
end_of_record
TN:
SF:/Users/juanespinosa/git/portafolio-api/src/controllers/auth.controller.ts
FN:10,(anonymous_7)
FN:12,(anonymous_8)
FN:12,(anonymous_9)
FN:32,(anonymous_10)
FN:32,(anonymous_11)
FN:62,(anonymous_12)
FNF:6
FNH:3
FNDA:1,(anonymous_7)
FNDA:2,(anonymous_8)
FNDA:2,(anonymous_9)
FNDA:0,(anonymous_10)
FNDA:0,(anonymous_11)
FNDA:0,(anonymous_12)
DA:1,1
DA:3,1
DA:4,1
DA:5,1
DA:10,1
DA:12,2
DA:13,2
DA:14,0
DA:17,2
DA:18,2
DA:19,2
DA:21,1
DA:22,1
DA:24,1
DA:26,1
DA:28,0
DA:32,1
DA:33,0
DA:34,0
DA:37,0
DA:38,0
DA:39,0
DA:42,0
DA:45,0
DA:47,0
DA:48,0
DA:54,0
DA:55,0
DA:56,0
DA:58,0
DA:62,1
DA:63,0
DA:70,1
LF:33
LH:17
BRDA:13,0,0,0
BRDA:13,0,1,2
BRDA:13,1,0,2
BRDA:13,1,1,2
BRDA:19,2,0,1
BRDA:19,2,1,1
BRDA:22,3,0,0
BRDA:22,3,1,1
BRDA:33,4,0,0
BRDA:33,4,1,0
BRDA:33,5,0,0
BRDA:33,5,1,0
BRDA:38,6,0,0
BRDA:38,6,1,0
BRF:14
BRH:6
end_of_record
TN:
SF:/Users/juanespinosa/git/portafolio-api/src/models/user/index.ts
FNF:0
FNH:0
DA:1,1
DA:3,1
LF:2
LH:2
BRF:0
BRH:0
end_of_record
TN:
SF:/Users/juanespinosa/git/portafolio-api/src/models/user/model.ts
FNF:0
FNH:0
DA:1,1
DA:3,1
DA:13,1
DA:15,1
LF:4
LH:4
BRF:0
BRH:0
end_of_record
TN:
SF:/Users/juanespinosa/git/portafolio-api/src/models/user/schema.ts
FNF:0
FNH:0
DA:1,1
DA:2,1
DA:3,1
DA:5,1
DA:25,1
LF:5
LH:5
BRF:0
BRH:0
end_of_record
TN:
SF:/Users/juanespinosa/git/portafolio-api/src/services/user.service.ts
FN:6,(anonymous_1)
FN:12,(anonymous_2)
FN:16,(anonymous_3)
FN:22,(anonymous_4)
FN:26,(anonymous_5)
FN:30,(anonymous_6)
FN:42,(anonymous_7)
FN:52,(anonymous_8)
FNF:8
FNH:0
FNDA:0,(anonymous_1)
FNDA:0,(anonymous_2)
FNDA:0,(anonymous_3)
FNDA:0,(anonymous_4)
FNDA:0,(anonymous_5)
FNDA:0,(anonymous_6)
FNDA:0,(anonymous_7)
FNDA:0,(anonymous_8)
DA:2,1
DA:3,1
DA:7,0
DA:9,0
DA:13,0
DA:17,0
DA:23,0
DA:27,0
DA:31,0
DA:39,0
DA:43,0
DA:45,0
DA:53,0
DA:57,1
LF:14
LH:3
BRF:0
BRH:0
end_of_record
